<?xml version="1.0" encoding="UTF-8"?>
<testng-results skipped="0" failed="0" ignored="0" total="1" passed="1">
  <reporter-output>
  </reporter-output>
  <suite name="Default suite" duration-ms="49647" started-at="2020-07-27T22:07:38 GMT+08:00" finished-at="2020-07-27T22:08:27 GMT+08:00">
    <groups>
    </groups>
    <test name="Default test" duration-ms="49647" started-at="2020-07-27T22:07:38 GMT+08:00" finished-at="2020-07-27T22:08:27 GMT+08:00">
      <class name="com.learnautomation.stepdefinition.UIGlue">
        <test-method status="PASS" signature="setup()[pri:0, instance:com.learnautomation.stepdefinition.UIGlue@217ed35e]" name="setup" is-config="true" duration-ms="7420" started-at="2020-07-27T22:07:38 GMT+08:00" finished-at="2020-07-27T22:07:45 GMT+08:00">
          <reporter-output>
          </reporter-output>
        </test-method> <!-- setup -->
        <test-method status="PASS" signature="TestFlow()[pri:0, instance:com.learnautomation.stepdefinition.UIGlue@217ed35e]" name="TestFlow" duration-ms="42190" started-at="2020-07-27T22:07:45 GMT+08:00" finished-at="2020-07-27T22:08:27 GMT+08:00">
          <reporter-output>
          </reporter-output>
        </test-method> <!-- TestFlow -->
        <test-method status="PASS" signature="teardown()[pri:0, instance:com.learnautomation.stepdefinition.UIGlue@217ed35e]" name="teardown" is-config="true" duration-ms="0" started-at="2020-07-27T22:08:27 GMT+08:00" finished-at="2020-07-27T22:08:27 GMT+08:00">
          <reporter-output>
          </reporter-output>
        </test-method> <!-- teardown -->
      </class> <!-- com.learnautomation.stepdefinition.UIGlue -->
    </test> <!-- Default test -->
  </suite> <!-- Default suite -->
</testng-results>
